<?xml version="1.0" encoding="UTF-8"?>
<testng-results total="1" passed="1" failed="0" skipped="0">
  <reporter-output>
  </reporter-output>
  <suite started-at="2018-06-27T05:31:45Z" name="Default suite" finished-at="2018-06-27T05:32:36Z" duration-ms="50869">
    <groups>
    </groups>
    <test started-at="2018-06-27T05:31:45Z" name="Default test" finished-at="2018-06-27T05:32:36Z" duration-ms="50869">
      <class name="com.HybridNewToursTextData.NewTours_AllLinksURL">
        <test-method is-config="true" signature="setup()[pri:0, instance:com.HybridNewToursTextData.NewTours_AllLinksURL@1ff4931d]" started-at="2018-06-27T11:01:45Z" name="setup" finished-at="2018-06-27T11:01:55Z" duration-ms="9763" status="PASS">
          <reporter-output>
          </reporter-output>
        </test-method> <!-- setup -->
        <test-method signature="NewtoursAllURL()[pri:0, instance:com.HybridNewToursTextData.NewTours_AllLinksURL@1ff4931d]" started-at="2018-06-27T11:01:55Z" name="NewtoursAllURL" finished-at="2018-06-27T11:02:36Z" duration-ms="41084" status="PASS">
          <reporter-output>
          </reporter-output>
        </test-method> <!-- NewtoursAllURL -->
      </class> <!-- com.HybridNewToursTextData.NewTours_AllLinksURL -->
    </test> <!-- Default test -->
  </suite> <!-- Default suite -->
</testng-results>
